<?xml version="1.0" encoding="UTF-8"?>
<!-- Generated by org.testng.reporters.JUnitReportReporter -->
<testsuite hostname="HAREESHMA-SARATH-IRISH" failures="0" tests="1" name="testClasses.LoginTestClass" time="8.497" errors="0" timestamp="2024-08-01T01:11:55 IST" skipped="0">
  <testcase classname="testClasses.LoginTestClass" name="verifyTheExpectedPageIsOpenWhileHittingTheURL" time="8.497"/>
  <system-out/>
</testsuite> <!-- testClasses.LoginTestClass -->
