<?xml version="1.0" encoding="UTF-8"?>
<!-- Generated by org.testng.reporters.JUnitReportReporter -->
<testsuite hostname="HAREESHMA-SARATH-IRISH" failures="0" tests="2" name="testClasses.DeductionTestClass" time="33.197" errors="0" timestamp="2024-08-01T21:31:26 IST" skipped="0">
  <testcase classname="testClasses.DeductionTestClass" name="verifyViewButtonClickOpensProfileViewPage" time="11.259"/>
  <system-out/>
  <testcase classname="testClasses.DeductionTestClass" name="searchAWorkerIsVisibleOrNotInTheList" time="21.938"/>
  <system-out/>
</testsuite> <!-- testClasses.DeductionTestClass -->
