<?xml version="1.0" encoding="UTF-8"?>
<!-- Generated by org.testng.reporters.JUnitReportReporter -->
<testsuite hostname="HAREESHMA-SARATH-IRISH" failures="0" tests="7" name="testClasses.LoginTestClass" time="53.875" errors="0" timestamp="2024-08-01T21:59:41 IST" skipped="0">
  <testcase classname="testClasses.LoginTestClass" name="verifyTheExpectedPageIsOpenWhileHittingTheURL" time="6.321"/>
  <system-out/>
  <testcase classname="testClasses.LoginTestClass" name="verifySuccessfullLogin" time="9.017"/>
  <system-out/>
  <testcase classname="testClasses.LoginTestClass" name="verifyUnsuccessfulLogin" time="7.635"/>
  <system-out/>
  <testcase classname="testClasses.LoginTestClass" name="verifyUnsuccessfulLogin" time="7.658"/>
  <system-out/>
  <testcase classname="testClasses.LoginTestClass" name="verifyUnsuccessfulLogin" time="8.201"/>
  <system-out/>
  <testcase classname="testClasses.LoginTestClass" name="verifyCheckBoxRememberMeIsSelectedOrNot" time="6.154"/>
  <system-out/>
  <testcase classname="testClasses.LoginTestClass" name="verifyTheForgetPasswordResetCliksDirectedToCorrectPageOrNot" time="8.889"/>
  <system-out/>
</testsuite> <!-- testClasses.LoginTestClass -->
