<?xml version="1.0" encoding="UTF-8"?>
<!-- Generated by org.testng.reporters.JUnitReportReporter -->
<testsuite hostname="HAREESHMA-SARATH-IRISH" failures="0" tests="3" name="testClasses.ClientTestClass" time="33.602" errors="0" timestamp="2024-08-01T21:31:26 IST" skipped="0">
  <testcase classname="testClasses.ClientTestClass" name="verifyResetButtonIsWorkingOrNot" time="11.874"/>
  <system-out/>
  <testcase classname="testClasses.ClientTestClass" name="verifyUnSuccessfullSearchUsingClentId" time="11.461"/>
  <system-out/>
  <testcase classname="testClasses.ClientTestClass" name="verifySuccessfullSearchUsingClientId" time="10.267"/>
  <system-out/>
</testsuite> <!-- testClasses.ClientTestClass -->
