<?xml version="1.0" encoding="UTF-8"?>
<!-- Generated by org.testng.reporters.JUnitReportReporter -->
<testsuite hostname="HAREESHMA-SARATH-IRISH" failures="0" tests="1" name="testClasses.AddDeductionTestClass" time="20.402" errors="0" timestamp="2024-08-01T21:31:26 IST" skipped="0">
  <testcase classname="testClasses.AddDeductionTestClass" name="addDeductionSuccesfuly" time="20.402"/>
  <system-out/>
</testsuite> <!-- testClasses.AddDeductionTestClass -->
